Determining if the pthread_create exist failed with the following output:
Change Dir: /home/leszek/catkin_py/catkin_robo_ws/build/CMakeFiles/CMakeTmp

Run Build Command:"/usr/bin/make" "cmTC_efe65/fast"
/usr/bin/make -f CMakeFiles/cmTC_efe65.dir/build.make CMakeFiles/cmTC_efe65.dir/build
make[1]: Entering directory '/home/leszek/catkin_py/catkin_robo_ws/build/CMakeFiles/CMakeTmp'
Building C object CMakeFiles/cmTC_efe65.dir/CheckSymbolExists.c.o
/usr/bin/cc     -o CMakeFiles/cmTC_efe65.dir/CheckSymbolExists.c.o   -c /home/leszek/catkin_py/catkin_robo_ws/build/CMakeFiles/CMakeTmp/CheckSymbolExists.c
Linking C executable cmTC_efe65
/usr/bin/cmake -E cmake_link_script CMakeFiles/cmTC_efe65.dir/link.txt --verbose=1
/usr/bin/cc       CMakeFiles/cmTC_efe65.dir/CheckSymbolExists.c.o  -o cmTC_efe65 -rdynamic 
CMakeFiles/cmTC_efe65.dir/CheckSymbolExists.c.o: In function `main':
CheckSymbolExists.c:(.text+0x16): undefined reference to `pthread_create'
collect2: error: ld returned 1 exit status
CMakeFiles/cmTC_efe65.dir/build.make:97: recipe for target 'cmTC_efe65' failed
make[1]: *** [cmTC_efe65] Error 1
make[1]: Leaving directory '/home/leszek/catkin_py/catkin_robo_ws/build/CMakeFiles/CMakeTmp'
Makefile:126: recipe for target 'cmTC_efe65/fast' failed
make: *** [cmTC_efe65/fast] Error 2

File /home/leszek/catkin_py/catkin_robo_ws/build/CMakeFiles/CMakeTmp/CheckSymbolExists.c:
/* */
#include <pthread.h>

int main(int argc, char** argv)
{
  (void)argv;
#ifndef pthread_create
  return ((int*)(&pthread_create))[argc];
#else
  (void)argc;
  return 0;
#endif
}

Determining if the function pthread_create exists in the pthreads failed with the following output:
Change Dir: /home/leszek/catkin_py/catkin_robo_ws/build/CMakeFiles/CMakeTmp

Run Build Command:"/usr/bin/make" "cmTC_a0c1b/fast"
/usr/bin/make -f CMakeFiles/cmTC_a0c1b.dir/build.make CMakeFiles/cmTC_a0c1b.dir/build
make[1]: Entering directory '/home/leszek/catkin_py/catkin_robo_ws/build/CMakeFiles/CMakeTmp'
Building C object CMakeFiles/cmTC_a0c1b.dir/CheckFunctionExists.c.o
/usr/bin/cc    -DCHECK_FUNCTION_EXISTS=pthread_create   -o CMakeFiles/cmTC_a0c1b.dir/CheckFunctionExists.c.o   -c /usr/share/cmake-3.5/Modules/CheckFunctionExists.c
Linking C executable cmTC_a0c1b
/usr/bin/cmake -E cmake_link_script CMakeFiles/cmTC_a0c1b.dir/link.txt --verbose=1
/usr/bin/cc   -DCHECK_FUNCTION_EXISTS=pthread_create    CMakeFiles/cmTC_a0c1b.dir/CheckFunctionExists.c.o  -o cmTC_a0c1b -rdynamic -lpthreads 
/usr/bin/ld: cannot find -lpthreads
collect2: error: ld returned 1 exit status
CMakeFiles/cmTC_a0c1b.dir/build.make:97: recipe for target 'cmTC_a0c1b' failed
make[1]: *** [cmTC_a0c1b] Error 1
make[1]: Leaving directory '/home/leszek/catkin_py/catkin_robo_ws/build/CMakeFiles/CMakeTmp'
Makefile:126: recipe for target 'cmTC_a0c1b/fast' failed
make: *** [cmTC_a0c1b/fast] Error 2


Determining if the Q_WS_WIN exist failed with the following output:
Change Dir: /home/leszek/catkin_py/catkin_robo_ws/build/CMakeFiles/CMakeTmp

Run Build Command:"/usr/bin/make" "cmTC_11d0d/fast"
/usr/bin/make -f CMakeFiles/cmTC_11d0d.dir/build.make CMakeFiles/cmTC_11d0d.dir/build
make[1]: Entering directory '/home/leszek/catkin_py/catkin_robo_ws/build/CMakeFiles/CMakeTmp'
Building CXX object CMakeFiles/cmTC_11d0d.dir/CheckSymbolExists.cxx.o
/usr/bin/c++    -I/usr/include/qt4   -o CMakeFiles/cmTC_11d0d.dir/CheckSymbolExists.cxx.o -c /home/leszek/catkin_py/catkin_robo_ws/build/CMakeFiles/CMakeTmp/CheckSymbolExists.cxx
/home/leszek/catkin_py/catkin_robo_ws/build/CMakeFiles/CMakeTmp/CheckSymbolExists.cxx: In function ‘int main(int, char**)’:
/home/leszek/catkin_py/catkin_robo_ws/build/CMakeFiles/CMakeTmp/CheckSymbolExists.cxx:8:19: error: ‘Q_WS_WIN’ was not declared in this scope
   return ((int*)(&Q_WS_WIN))[argc];
                   ^
CMakeFiles/cmTC_11d0d.dir/build.make:65: recipe for target 'CMakeFiles/cmTC_11d0d.dir/CheckSymbolExists.cxx.o' failed
make[1]: *** [CMakeFiles/cmTC_11d0d.dir/CheckSymbolExists.cxx.o] Error 1
make[1]: Leaving directory '/home/leszek/catkin_py/catkin_robo_ws/build/CMakeFiles/CMakeTmp'
Makefile:126: recipe for target 'cmTC_11d0d/fast' failed
make: *** [cmTC_11d0d/fast] Error 2

File /home/leszek/catkin_py/catkin_robo_ws/build/CMakeFiles/CMakeTmp/CheckSymbolExists.cxx:
/* */
#include <QtCore/qglobal.h>

int main(int argc, char** argv)
{
  (void)argv;
#ifndef Q_WS_WIN
  return ((int*)(&Q_WS_WIN))[argc];
#else
  (void)argc;
  return 0;
#endif
}

Determining if the Q_WS_QWS exist failed with the following output:
Change Dir: /home/leszek/catkin_py/catkin_robo_ws/build/CMakeFiles/CMakeTmp

Run Build Command:"/usr/bin/make" "cmTC_a6d3d/fast"
/usr/bin/make -f CMakeFiles/cmTC_a6d3d.dir/build.make CMakeFiles/cmTC_a6d3d.dir/build
make[1]: Entering directory '/home/leszek/catkin_py/catkin_robo_ws/build/CMakeFiles/CMakeTmp'
Building CXX object CMakeFiles/cmTC_a6d3d.dir/CheckSymbolExists.cxx.o
/usr/bin/c++    -I/usr/include/qt4   -o CMakeFiles/cmTC_a6d3d.dir/CheckSymbolExists.cxx.o -c /home/leszek/catkin_py/catkin_robo_ws/build/CMakeFiles/CMakeTmp/CheckSymbolExists.cxx
/home/leszek/catkin_py/catkin_robo_ws/build/CMakeFiles/CMakeTmp/CheckSymbolExists.cxx: In function ‘int main(int, char**)’:
/home/leszek/catkin_py/catkin_robo_ws/build/CMakeFiles/CMakeTmp/CheckSymbolExists.cxx:8:19: error: ‘Q_WS_QWS’ was not declared in this scope
   return ((int*)(&Q_WS_QWS))[argc];
                   ^
CMakeFiles/cmTC_a6d3d.dir/build.make:65: recipe for target 'CMakeFiles/cmTC_a6d3d.dir/CheckSymbolExists.cxx.o' failed
make[1]: *** [CMakeFiles/cmTC_a6d3d.dir/CheckSymbolExists.cxx.o] Error 1
make[1]: Leaving directory '/home/leszek/catkin_py/catkin_robo_ws/build/CMakeFiles/CMakeTmp'
Makefile:126: recipe for target 'cmTC_a6d3d/fast' failed
make: *** [cmTC_a6d3d/fast] Error 2

File /home/leszek/catkin_py/catkin_robo_ws/build/CMakeFiles/CMakeTmp/CheckSymbolExists.cxx:
/* */
#include <QtCore/qglobal.h>

int main(int argc, char** argv)
{
  (void)argv;
#ifndef Q_WS_QWS
  return ((int*)(&Q_WS_QWS))[argc];
#else
  (void)argc;
  return 0;
#endif
}

Determining if the Q_WS_MAC exist failed with the following output:
Change Dir: /home/leszek/catkin_py/catkin_robo_ws/build/CMakeFiles/CMakeTmp

Run Build Command:"/usr/bin/make" "cmTC_d8688/fast"
/usr/bin/make -f CMakeFiles/cmTC_d8688.dir/build.make CMakeFiles/cmTC_d8688.dir/build
make[1]: Entering directory '/home/leszek/catkin_py/catkin_robo_ws/build/CMakeFiles/CMakeTmp'
Building CXX object CMakeFiles/cmTC_d8688.dir/CheckSymbolExists.cxx.o
/usr/bin/c++    -I/usr/include/qt4   -o CMakeFiles/cmTC_d8688.dir/CheckSymbolExists.cxx.o -c /home/leszek/catkin_py/catkin_robo_ws/build/CMakeFiles/CMakeTmp/CheckSymbolExists.cxx
/home/leszek/catkin_py/catkin_robo_ws/build/CMakeFiles/CMakeTmp/CheckSymbolExists.cxx: In function ‘int main(int, char**)’:
/home/leszek/catkin_py/catkin_robo_ws/build/CMakeFiles/CMakeTmp/CheckSymbolExists.cxx:8:19: error: ‘Q_WS_MAC’ was not declared in this scope
   return ((int*)(&Q_WS_MAC))[argc];
                   ^
CMakeFiles/cmTC_d8688.dir/build.make:65: recipe for target 'CMakeFiles/cmTC_d8688.dir/CheckSymbolExists.cxx.o' failed
make[1]: *** [CMakeFiles/cmTC_d8688.dir/CheckSymbolExists.cxx.o] Error 1
make[1]: Leaving directory '/home/leszek/catkin_py/catkin_robo_ws/build/CMakeFiles/CMakeTmp'
Makefile:126: recipe for target 'cmTC_d8688/fast' failed
make: *** [cmTC_d8688/fast] Error 2

File /home/leszek/catkin_py/catkin_robo_ws/build/CMakeFiles/CMakeTmp/CheckSymbolExists.cxx:
/* */
#include <QtCore/qglobal.h>

int main(int argc, char** argv)
{
  (void)argv;
#ifndef Q_WS_MAC
  return ((int*)(&Q_WS_MAC))[argc];
#else
  (void)argc;
  return 0;
#endif
}

